# JRE version: Java(TM) SE Runtime Environment (8.0_111-b14) (build 1.8.0_111-b14)
# Java VM: Java HotSpot(TM) Client VM (25.111-b14 mixed mode windows-x86 )
Heap:
 def new generation   total 27264K, used 25930K [0x04600000, 0x06390000, 0x19b50000)
  eden space 24256K,  94% used [0x04600000, 0x05c62a58, 0x05db0000)
  from space 3008K, 100% used [0x060a0000, 0x06390000, 0x06390000)
  to   space 3008K,   0% used [0x05db0000, 0x05db0000, 0x060a0000)
 tenured generation   total 60376K, used 52644K [0x19b50000, 0x1d646000, 0x44600000)
   the space 60376K,  87% used [0x19b50000, 0x1ceb9218, 0x1ceb9400, 0x1d646000)
 Metaspace       used 38643K, capacity 39859K, committed 39936K, reserved 40320K
GC Heap History (10 events):
Event: 116.169 GC heap before
{Heap before GC invocations=107 (full 5):
 def new generation   total 27264K, used 27264K [0x04600000, 0x06390000, 0x19b50000)
  eden space 24256K, 100% used [0x04600000, 0x05db0000, 0x05db0000)
  from space 3008K, 100% used [0x05db0000, 0x060a0000, 0x060a0000)
  to   space 3008K,   0% used [0x060a0000, 0x060a0000, 0x06390000)
 tenured generation   total 60376K, used 43157K [0x19b50000, 0x1d646000, 0x44600000)
   the space 60376K,  71% used [0x19b50000, 0x1c575538, 0x1c575600, 0x1d646000)
 Metaspace       used 36959K, capacity 38136K, committed 38144K, reserved 38272K
Event: 116.180 GC heap after
Heap after GC invocations=108 (full 5):
 def new generation   total 27264K, used 528K [0x04600000, 0x06390000, 0x19b50000)
  eden space 24256K,   0% used [0x04600000, 0x04600000, 0x05db0000)
  from space 3008K,  17% used [0x060a0000, 0x061242b0, 0x06390000)
  to   space 3008K,   0% used [0x05db0000, 0x05db0000, 0x060a0000)
 tenured generation   total 60376K, used 45124K [0x19b50000, 0x1d646000, 0x44600000)
   the space 60376K,  74% used [0x19b50000, 0x1c7612d0, 0x1c761400, 0x1d646000)
 Metaspace       used 36959K, capacity 38136K, committed 38144K, reserved 38272K
}
Event: 116.819 GC heap before
{Heap before GC invocations=108 (full 5):
 def new generation   total 27264K, used 24784K [0x04600000, 0x06390000, 0x19b50000)
  eden space 24256K, 100% used [0x04600000, 0x05db0000, 0x05db0000)
  from space 3008K,  17% used [0x060a0000, 0x061242b0, 0x06390000)
  to   space 3008K,   0% used [0x05db0000, 0x05db0000, 0x060a0000)
 tenured generation   total 60376K, used 45124K [0x19b50000, 0x1d646000, 0x44600000)
   the space 60376K,  74% used [0x19b50000, 0x1c7612d0, 0x1c761400, 0x1d646000)
 Metaspace       used 37076K, capacity 38248K, committed 38272K, reserved 38272K
Event: 116.832 GC heap after
Heap after GC invocations=109 (full 5):
 def new generation   total 27264K, used 2410K [0x04600000, 0x06390000, 0x19b50000)
  eden space 24256K,   0% used [0x04600000, 0x04600000, 0x05db0000)
  from space 3008K,  80% used [0x05db0000, 0x0600a9f0, 0x060a0000)
  to   space 3008K,   0% used [0x060a0000, 0x060a0000, 0x06390000)
 tenured generation   total 60376K, used 45124K [0x19b50000, 0x1d646000, 0x44600000)
   the space 60376K,  74% used [0x19b50000, 0x1c7612d0, 0x1c761400, 0x1d646000)
 Metaspace       used 37076K, capacity 38248K, committed 38272K, reserved 38272K
}
Event: 121.702 GC heap before
{Heap before GC invocations=109 (full 5):
 def new generation   total 27264K, used 26662K [0x04600000, 0x06390000, 0x19b50000)
  eden space 24256K,  99% used [0x04600000, 0x05daefe8, 0x05db0000)
  from space 3008K,  80% used [0x05db0000, 0x0600a9f0, 0x060a0000)
  to   space 3008K,   0% used [0x060a0000, 0x060a0000, 0x06390000)
 tenured generation   total 60376K, used 45124K [0x19b50000, 0x1d646000, 0x44600000)
   the space 60376K,  74% used [0x19b50000, 0x1c7612d0, 0x1c761400, 0x1d646000)
 Metaspace       used 37918K, capacity 39127K, committed 39168K, reserved 39296K
Event: 121.717 GC heap after
Heap after GC invocations=110 (full 5):
 def new generation   total 27264K, used 2666K [0x04600000, 0x06390000, 0x19b50000)
  eden space 24256K,   0% used [0x04600000, 0x04600000, 0x05db0000)
  from space 3008K,  88% used [0x060a0000, 0x0633a878, 0x06390000)
  to   space 3008K,   0% used [0x05db0000, 0x05db0000, 0x060a0000)
 tenured generation   total 60376K, used 47377K [0x19b50000, 0x1d646000, 0x44600000)
   the space 60376K,  78% used [0x19b50000, 0x1c9947c0, 0x1c994800, 0x1d646000)
 Metaspace       used 37918K, capacity 39127K, committed 39168K, reserved 39296K
}
Event: 122.780 GC heap before
{Heap before GC invocations=110 (full 5):
 def new generation   total 27264K, used 26922K [0x04600000, 0x06390000, 0x19b50000)
  eden space 24256K, 100% used [0x04600000, 0x05db0000, 0x05db0000)
  from space 3008K,  88% used [0x060a0000, 0x0633a878, 0x06390000)
  to   space 3008K,   0% used [0x05db0000, 0x05db0000, 0x060a0000)
 tenured generation   total 60376K, used 47377K [0x19b50000, 0x1d646000, 0x44600000)
   the space 60376K,  78% used [0x19b50000, 0x1c9947c0, 0x1c994800, 0x1d646000)
 Metaspace       used 37943K, capacity 39162K, committed 39168K, reserved 39296K
Event: 122.807 GC heap after
Heap after GC invocations=111 (full 5):
 def new generation   total 27264K, used 3008K [0x04600000, 0x06390000, 0x19b50000)
  eden space 24256K,   0% used [0x04600000, 0x04600000, 0x05db0000)
  from space 3008K, 100% used [0x05db0000, 0x060a0000, 0x060a0000)
  to   space 3008K,   0% used [0x060a0000, 0x060a0000, 0x06390000)
 tenured generation   total 60376K, used 49381K [0x19b50000, 0x1d646000, 0x44600000)
   the space 60376K,  81% used [0x19b50000, 0x1cb89798, 0x1cb89800, 0x1d646000)
 Metaspace       used 37943K, capacity 39162K, committed 39168K, reserved 39296K
}
Event: 133.213 GC heap before
{Heap before GC invocations=111 (full 5):
 def new generation   total 27264K, used 27264K [0x04600000, 0x06390000, 0x19b50000)
  eden space 24256K, 100% used [0x04600000, 0x05db0000, 0x05db0000)
  from space 3008K, 100% used [0x05db0000, 0x060a0000, 0x060a0000)
  to   space 3008K,   0% used [0x060a0000, 0x060a0000, 0x06390000)
 tenured generation   total 60376K, used 49381K [0x19b50000, 0x1d646000, 0x44600000)
   the space 60376K,  81% used [0x19b50000, 0x1cb89798, 0x1cb89800, 0x1d646000)
 Metaspace       used 38213K, capacity 39468K, committed 39552K, reserved 40320K
Event: 133.235 GC heap after
Heap after GC invocations=112 (full 5):
 def new generation   total 27264K, used 3008K [0x04600000, 0x06390000, 0x19b50000)
  eden space 24256K,   0% used [0x04600000, 0x04600000, 0x05db0000)
  from space 3008K, 100% used [0x060a0000, 0x06390000, 0x06390000)
  to   space 3008K,   0% used [0x05db0000, 0x05db0000, 0x060a0000)
 tenured generation   total 60376K, used 52644K [0x19b50000, 0x1d646000, 0x44600000)
   the space 60376K,  87% used [0x19b50000, 0x1ceb9218, 0x1ceb9400, 0x1d646000)
 Metaspace       used 38213K, capacity 39468K, committed 39552K, reserved 40320K
}

